This is pdfTeX, Version 3.14159265-2.6-1.40.16 (TeX Live 2015) (preloaded format=pdflatex 2015.5.24)  10 NOV 2017 13:48
entering extended mode
 restricted \write18 enabled.
 %&-line parsing enabled.
**Assignment1.tex
(./Assignment1.tex
LaTeX2e <2015/01/01>
Babel <3.9l> and hyphenation patterns for 79 languages loaded.
(/usr/local/texlive/2015/texmf-dist/tex/latex/base/article.cls
Document Class: article 2014/09/29 v1.4h Standard LaTeX document class
(/usr/local/texlive/2015/texmf-dist/tex/latex/base/size10.clo
File: size10.clo 2014/09/29 v1.4h Standard LaTeX file (size option)
)
\c@part=\count79
\c@section=\count80
\c@subsection=\count81
\c@subsubsection=\count82
\c@paragraph=\count83
\c@subparagraph=\count84
\c@figure=\count85
\c@table=\count86
\abovecaptionskip=\skip41
\belowcaptionskip=\skip42
\bibindent=\dimen102
)
(/usr/local/texlive/2015/texmf-dist/tex/latex/amsmath/amsmath.sty
Package: amsmath 2013/01/14 v2.14 AMS math features
\@mathmargin=\skip43

For additional information on amsmath, use the `?' option.
(/usr/local/texlive/2015/texmf-dist/tex/latex/amsmath/amstext.sty
Package: amstext 2000/06/29 v2.01

(/usr/local/texlive/2015/texmf-dist/tex/latex/amsmath/amsgen.sty
File: amsgen.sty 1999/11/30 v2.0
\@emptytoks=\toks14
\ex@=\dimen103
))
(/usr/local/texlive/2015/texmf-dist/tex/latex/amsmath/amsbsy.sty
Package: amsbsy 1999/11/29 v1.2d
\pmbraise@=\dimen104
)
(/usr/local/texlive/2015/texmf-dist/tex/latex/amsmath/amsopn.sty
Package: amsopn 1999/12/14 v2.01 operator names
)
\inf@bad=\count87
LaTeX Info: Redefining \frac on input line 210.
\uproot@=\count88
\leftroot@=\count89
LaTeX Info: Redefining \overline on input line 306.
\classnum@=\count90
\DOTSCASE@=\count91
LaTeX Info: Redefining \ldots on input line 378.
LaTeX Info: Redefining \dots on input line 381.
LaTeX Info: Redefining \cdots on input line 466.
\Mathstrutbox@=\box26
\strutbox@=\box27
\big@size=\dimen105
LaTeX Font Info:    Redeclaring font encoding OML on input line 566.
LaTeX Font Info:    Redeclaring font encoding OMS on input line 567.
\macc@depth=\count92
\c@MaxMatrixCols=\count93
\dotsspace@=\muskip10
\c@parentequation=\count94
\dspbrk@lvl=\count95
\tag@help=\toks15
\row@=\count96
\column@=\count97
\maxfields@=\count98
\andhelp@=\toks16
\eqnshift@=\dimen106
\alignsep@=\dimen107
\tagshift@=\dimen108
\tagwidth@=\dimen109
\totwidth@=\dimen110
\lineht@=\dimen111
\@envbody=\toks17
\multlinegap=\skip44
\multlinetaggap=\skip45
\mathdisplay@stack=\toks18
LaTeX Info: Redefining \[ on input line 2665.
LaTeX Info: Redefining \] on input line 2666.
)
(/usr/local/texlive/2015/texmf-dist/tex/latex/graphics/graphicx.sty
Package: graphicx 2014/10/28 v1.0g Enhanced LaTeX Graphics (DPC,SPQR)

(/usr/local/texlive/2015/texmf-dist/tex/latex/graphics/keyval.sty
Package: keyval 2014/10/28 v1.15 key=value parser (DPC)
\KV@toks@=\toks19
)
(/usr/local/texlive/2015/texmf-dist/tex/latex/graphics/graphics.sty
Package: graphics 2014/10/28 v1.0p Standard LaTeX Graphics (DPC,SPQR)

(/usr/local/texlive/2015/texmf-dist/tex/latex/graphics/trig.sty
Package: trig 1999/03/16 v1.09 sin cos tan (DPC)
)
(/usr/local/texlive/2015/texmf-dist/tex/latex/latexconfig/graphics.cfg
File: graphics.cfg 2010/04/23 v1.9 graphics configuration of TeX Live
)
Package graphics Info: Driver file: pdftex.def on input line 94.

(/usr/local/texlive/2015/texmf-dist/tex/latex/pdftex-def/pdftex.def
File: pdftex.def 2011/05/27 v0.06d Graphics/color for pdfTeX

(/usr/local/texlive/2015/texmf-dist/tex/generic/oberdiek/infwarerr.sty
Package: infwarerr 2010/04/08 v1.3 Providing info/warning/error messages (HO)
)
(/usr/local/texlive/2015/texmf-dist/tex/generic/oberdiek/ltxcmds.sty
Package: ltxcmds 2011/11/09 v1.22 LaTeX kernel commands for general use (HO)
)
\Gread@gobject=\count99
))
\Gin@req@height=\dimen112
\Gin@req@width=\dimen113
)
(/usr/local/texlive/2015/texmf-dist/tex/latex/float/float.sty
Package: float 2001/11/08 v1.3d Float enhancements (AL)
\c@float@type=\count100
\float@exts=\toks20
\float@box=\box28
\@float@everytoks=\toks21
\@floatcapt=\box29
)
(/usr/local/texlive/2015/texmf-dist/tex/latex/tools/verbatim.sty
Package: verbatim 2014/10/28 v1.5q LaTeX2e package for verbatim enhancements
\every@verbatim=\toks22
\verbatim@line=\toks23
\verbatim@in@stream=\read1
)
(./Assignment1.aux)
\openout1 = `Assignment1.aux'.

LaTeX Font Info:    Checking defaults for OML/cmm/m/it on input line 6.
LaTeX Font Info:    ... okay on input line 6.
LaTeX Font Info:    Checking defaults for T1/cmr/m/n on input line 6.
LaTeX Font Info:    ... okay on input line 6.
LaTeX Font Info:    Checking defaults for OT1/cmr/m/n on input line 6.
LaTeX Font Info:    ... okay on input line 6.
LaTeX Font Info:    Checking defaults for OMS/cmsy/m/n on input line 6.
LaTeX Font Info:    ... okay on input line 6.
LaTeX Font Info:    Checking defaults for OMX/cmex/m/n on input line 6.
LaTeX Font Info:    ... okay on input line 6.
LaTeX Font Info:    Checking defaults for U/cmr/m/n on input line 6.
LaTeX Font Info:    ... okay on input line 6.

(/usr/local/texlive/2015/texmf-dist/tex/context/base/supp-pdf.mkii
[Loading MPS to PDF converter (version 2006.09.02).]
\scratchcounter=\count101
\scratchdimen=\dimen114
\scratchbox=\box30
\nofMPsegments=\count102
\nofMParguments=\count103
\everyMPshowfont=\toks24
\MPscratchCnt=\count104
\MPscratchDim=\dimen115
\MPnumerator=\count105
\makeMPintoPDFobject=\count106
\everyMPtoPDFconversion=\toks25
) (/usr/local/texlive/2015/texmf-dist/tex/generic/oberdiek/pdftexcmds.sty
Package: pdftexcmds 2011/11/29 v0.20 Utility functions of pdfTeX for LuaTeX (HO
)

(/usr/local/texlive/2015/texmf-dist/tex/generic/oberdiek/ifluatex.sty
Package: ifluatex 2010/03/01 v1.3 Provides the ifluatex switch (HO)
Package ifluatex Info: LuaTeX not detected.
)
(/usr/local/texlive/2015/texmf-dist/tex/generic/oberdiek/ifpdf.sty
Package: ifpdf 2011/01/30 v2.3 Provides the ifpdf switch (HO)
Package ifpdf Info: pdfTeX in PDF mode is detected.
)
Package pdftexcmds Info: LuaTeX not detected.
Package pdftexcmds Info: \pdf@primitive is available.
Package pdftexcmds Info: \pdf@ifprimitive is available.
Package pdftexcmds Info: \pdfdraftmode found.
)
(/usr/local/texlive/2015/texmf-dist/tex/latex/oberdiek/epstopdf-base.sty
Package: epstopdf-base 2010/02/09 v2.5 Base part for package epstopdf

(/usr/local/texlive/2015/texmf-dist/tex/latex/oberdiek/grfext.sty
Package: grfext 2010/08/19 v1.1 Manage graphics extensions (HO)

(/usr/local/texlive/2015/texmf-dist/tex/generic/oberdiek/kvdefinekeys.sty
Package: kvdefinekeys 2011/04/07 v1.3 Define keys (HO)
))
(/usr/local/texlive/2015/texmf-dist/tex/latex/oberdiek/kvoptions.sty
Package: kvoptions 2011/06/30 v3.11 Key value format for package options (HO)

(/usr/local/texlive/2015/texmf-dist/tex/generic/oberdiek/kvsetkeys.sty
Package: kvsetkeys 2012/04/25 v1.16 Key value parser (HO)

(/usr/local/texlive/2015/texmf-dist/tex/generic/oberdiek/etexcmds.sty
Package: etexcmds 2011/02/16 v1.5 Avoid name clashes with e-TeX commands (HO)
Package etexcmds Info: Could not find \expanded.
(etexcmds)             That can mean that you are not using pdfTeX 1.50 or
(etexcmds)             that some package has redefined \expanded.
(etexcmds)             In the latter case, load this package earlier.
)))
Package grfext Info: Graphics extension search list:
(grfext)             [.png,.pdf,.jpg,.mps,.jpeg,.jbig2,.jb2,.PNG,.PDF,.JPG,.JPE
G,.JBIG2,.JB2,.eps]
(grfext)             \AppendGraphicsExtensions on input line 452.

(/usr/local/texlive/2015/texmf-dist/tex/latex/latexconfig/epstopdf-sys.cfg
File: epstopdf-sys.cfg 2010/07/13 v1.3 Configuration of (r)epstopdf for TeX Liv
e
))
File: a4.txt  (verbatim)

Overfull \hbox (69.74638pt too wide) in paragraph at lines 18--18
[]\OT1/cmtt/m/n/10 commit b93ae5712dbdc690c00d9362b544e5da25685467 (HEAD -> mas
ter, origin/master)[] 
 []


Overfull \hbox (74.99634pt too wide) in paragraph at lines 18--18
[]\OT1/cmtt/m/n/10 pdflatex -shell-escape -interaction=nonstopmode -file-line-e
rror Assignment1.tex[] 
 []


Overfull \hbox (127.49588pt too wide) in paragraph at lines 18--18
[]\OT1/cmtt/m/n/10 This is pdfTeX, Version 3.14159265-2.6-1.40.16 (TeX Live 201
5) (preloaded format=pdflatex)[] 
 []


Overfull \hbox (22.4968pt too wide) in paragraph at lines 18--18
[]\OT1/cmtt/m/n/10 Document Class: article 2014/09/29 v1.4h Standard LaTeX docu
ment class[] 
 []


Overfull \hbox (1.49698pt too wide) in paragraph at lines 18--18
[]\OT1/cmtt/m/n/10 (/usr/local/texlive/2015/texmf-dist/tex/latex/amsmath/amsgen
.sty))[] 
 []


Overfull \hbox (1.49698pt too wide) in paragraph at lines 18--18
[]\OT1/cmtt/m/n/10 (/usr/local/texlive/2015/texmf-dist/tex/latex/amsmath/amsopn
.sty))[] 
 []

[1

{/usr/local/texlive/2015/texmf-var/fonts/map/pdftex/updmap/pdftex.map}]
Overfull \hbox (6.74693pt too wide) in paragraph at lines 18--18
[]\OT1/cmtt/m/n/10 (/usr/local/texlive/2015/texmf-dist/tex/latex/graphics/graph
icx.sty[] 
 []


Overfull \hbox (1.49698pt too wide) in paragraph at lines 18--18
[]\OT1/cmtt/m/n/10 (/usr/local/texlive/2015/texmf-dist/tex/latex/graphics/keyva
l.sty)[] 
 []


Overfull \hbox (6.74693pt too wide) in paragraph at lines 18--18
[]\OT1/cmtt/m/n/10 (/usr/local/texlive/2015/texmf-dist/tex/latex/graphics/graph
ics.sty[] 
 []


Overfull \hbox (27.74675pt too wide) in paragraph at lines 18--18
[]\OT1/cmtt/m/n/10 (/usr/local/texlive/2015/texmf-dist/tex/latex/latexconfig/gr
aphics.cfg)[] 
 []


Overfull \hbox (6.74693pt too wide) in paragraph at lines 18--18
[]\OT1/cmtt/m/n/10 (/usr/local/texlive/2015/texmf-dist/tex/latex/pdftex-def/pdf
tex.def[] 
 []


Overfull \hbox (27.74675pt too wide) in paragraph at lines 18--18
[]\OT1/cmtt/m/n/10 (/usr/local/texlive/2015/texmf-dist/tex/generic/oberdiek/inf
warerr.sty)[] 
 []


Overfull \hbox (32.9967pt too wide) in paragraph at lines 18--18
[]\OT1/cmtt/m/n/10 (/usr/local/texlive/2015/texmf-dist/tex/generic/oberdiek/ltx
cmds.sty))))[] 
 []


Overfull \hbox (1.49698pt too wide) in paragraph at lines 18--18
[]\OT1/cmtt/m/n/10 (/usr/local/texlive/2015/texmf-dist/tex/context/base/supp-pd
f.mkii[] 
 []


Overfull \hbox (38.24666pt too wide) in paragraph at lines 18--18
[]\OT1/cmtt/m/n/10 ) (/usr/local/texlive/2015/texmf-dist/tex/generic/oberdiek/p
dftexcmds.sty[] 
 []


Overfull \hbox (22.4968pt too wide) in paragraph at lines 18--18
[]\OT1/cmtt/m/n/10 (/usr/local/texlive/2015/texmf-dist/tex/generic/oberdiek/ifl
uatex.sty)[] 
 []


Overfull \hbox (11.99689pt too wide) in paragraph at lines 18--18
[]\OT1/cmtt/m/n/10 (/usr/local/texlive/2015/texmf-dist/tex/generic/oberdiek/ifp
df.sty))[] 
 []


Overfull \hbox (32.9967pt too wide) in paragraph at lines 18--18
[]\OT1/cmtt/m/n/10 (/usr/local/texlive/2015/texmf-dist/tex/latex/oberdiek/epsto
pdf-base.sty[] 
 []


Overfull \hbox (48.74657pt too wide) in paragraph at lines 18--18
[]\OT1/cmtt/m/n/10 (/usr/local/texlive/2015/texmf-dist/tex/generic/oberdiek/kvd
efinekeys.sty))[] 
 []


Overfull \hbox (11.99689pt too wide) in paragraph at lines 18--18
[]\OT1/cmtt/m/n/10 (/usr/local/texlive/2015/texmf-dist/tex/latex/oberdiek/kvopt
ions.sty[] 
 []


Overfull \hbox (22.4968pt too wide) in paragraph at lines 18--18
[]\OT1/cmtt/m/n/10 (/usr/local/texlive/2015/texmf-dist/tex/generic/oberdiek/kvs
etkeys.sty[] 
 []


Overfull \hbox (32.9967pt too wide) in paragraph at lines 18--18
[]\OT1/cmtt/m/n/10 (/usr/local/texlive/2015/texmf-dist/tex/generic/oberdiek/ete
xcmds.sty)))[] 
 []


Overfull \hbox (53.99652pt too wide) in paragraph at lines 18--18
[]\OT1/cmtt/m/n/10 (/usr/local/texlive/2015/texmf-dist/tex/latex/latexconfig/ep
stopdf-sys.cfg))[] 
 []


Overfull \hbox (69.74638pt too wide) in paragraph at lines 18--18
[]\OT1/cmtt/m/n/10 <a1img3.png, id=4, 462.528pt x 346.896pt> <use a1img3.png> [
1{/usr/local/texliv[] 
 []


Overfull \hbox (69.74638pt too wide) in paragraph at lines 18--18
[]\OT1/cmtt/m/n/10 e/2015/texmf-var/fonts/map/pdftex/updmap/pdftex.map} <./a1im
g1.png>] [2 <./a1im[] 
 []


Overfull \hbox (69.74638pt too wide) in paragraph at lines 18--18
[]\OT1/cmtt/m/n/10 g2.png>] [3 <./a1img3.png>] (./Assignment1.aux) )</usr/local
/texlive/2015/texmf[] 
 []


Overfull \hbox (69.74638pt too wide) in paragraph at lines 18--18
[]\OT1/cmtt/m/n/10 -dist/fonts/type1/public/amsfonts/cm/cmbx12.pfb></usr/local/
texlive/2015/texmf-[] 
 []


Overfull \hbox (69.74638pt too wide) in paragraph at lines 18--18
[]\OT1/cmtt/m/n/10 dist/fonts/type1/public/amsfonts/cm/cmmi10.pfb></usr/local/t
exlive/2015/texmf-d[] 
 []


Overfull \hbox (69.74638pt too wide) in paragraph at lines 18--18
[]\OT1/cmtt/m/n/10 ist/fonts/type1/public/amsfonts/cm/cmmi5.pfb></usr/local/tex
live/2015/texmf-dis[] 
 []


Overfull \hbox (69.74638pt too wide) in paragraph at lines 18--18
[]\OT1/cmtt/m/n/10 t/fonts/type1/public/amsfonts/cm/cmmi7.pfb></usr/local/texli
ve/2015/texmf-dist/[] 
 []


Overfull \hbox (69.74638pt too wide) in paragraph at lines 18--18
[]\OT1/cmtt/m/n/10 fonts/type1/public/amsfonts/cm/cmr10.pfb></usr/local/texlive
/2015/texmf-dist/fo[] 
 []

File: assignment1copy.py  (verbatim)
[2] [3]
Overfull \hbox (22.4968pt too wide) in paragraph at lines 20--20
[]\OT1/cmtt/m/n/10 fx, fy, ax, ay, phi, dt, n, plotz = float(fx), float(fy), fl
oat(ax), \[] 
 []

File: makefile  (verbatim)

Overfull \hbox (22.4968pt too wide) in paragraph at lines 22--22
[]\OT1/cmtt/m/n/10 TEX = pdflatex -shell-escape -interaction=nonstopmode -file-
line-error[] 
 []

<a1img1.png, id=15, 462.528pt x 346.896pt>
File: a1img1.png Graphic file (type png)
 <use a1img1.png>
Package pdftex.def Info: a1img1.png used on input line 27.
(pdftex.def)             Requested size: 345.0pt x 258.76335pt.

<a1img2.png, id=17, 462.528pt x 346.896pt>
File: a1img2.png Graphic file (type png)
 <use a1img2.png>
Package pdftex.def Info: a1img2.png used on input line 31.
(pdftex.def)             Requested size: 345.0pt x 258.76335pt.
 [4]
<a1img3.png, id=21, 462.528pt x 346.896pt>
File: a1img3.png Graphic file (type png)
 <use a1img3.png>
Package pdftex.def Info: a1img3.png used on input line 35.
(pdftex.def)             Requested size: 345.0pt x 258.76335pt.
 [5 <./a1img1.png>]
[6 <./a1img2.png>] [7 <./a1img3.png>] (./Assignment1.aux) ) 
Here is how much of TeX's memory you used:
 2181 strings out of 493089
 29709 string characters out of 6134842
 96512 words of memory out of 5000000
 5651 multiletter control sequences out of 15000+600000
 6087 words of font info for 23 fonts, out of 8000000 for 9000
 1141 hyphenation exceptions out of 8191
 37i,5n,23p,597b,254s stack positions out of 5000i,500n,10000p,200000b,80000s
</usr/local/texlive/
2015/texmf-dist/fonts/type1/public/amsfonts/cm/cmbx12.pfb></usr/local/texlive/2
015/texmf-dist/fonts/type1/public/amsfonts/cm/cmmi10.pfb></usr/local/texlive/20
15/texmf-dist/fonts/type1/public/amsfonts/cm/cmmi5.pfb></usr/local/texlive/2015
/texmf-dist/fonts/type1/public/amsfonts/cm/cmmi7.pfb></usr/local/texlive/2015/t
exmf-dist/fonts/type1/public/amsfonts/cm/cmr10.pfb></usr/local/texlive/2015/tex
mf-dist/fonts/type1/public/amsfonts/cm/cmr7.pfb></usr/local/texlive/2015/texmf-
dist/fonts/type1/public/amsfonts/cm/cmtt10.pfb>
Output written on Assignment1.pdf (7 pages, 491859 bytes).
PDF statistics:
 63 PDF objects out of 1000 (max. 8388607)
 40 compressed objects within 1 object stream
 0 named destinations out of 1000 (max. 500000)
 16 words of extra memory for PDF output out of 10000 (max. 10000000)

